[debug] [2025-08-10T02:21:03.295Z] ----------------------------------------------------------------------
[debug] [2025-08-10T02:21:03.297Z] Command:       C:\Program Files\nodejs\node.exe C:\Users\mayan\AppData\Local\npm-cache\_npx\ba4f1959e38407b5\node_modules\firebase-tools\lib\bin\firebase.js init dataconnect
[debug] [2025-08-10T02:21:03.297Z] CLI Version:   14.12.0
[debug] [2025-08-10T02:21:03.297Z] Platform:      win32
[debug] [2025-08-10T02:21:03.297Z] Node Version:  v24.4.1
[debug] [2025-08-10T02:21:03.297Z] Time:          Sun Aug 10 2025 07:51:03 GMT+0530 (India Standard Time)
[debug] [2025-08-10T02:21:03.297Z] ----------------------------------------------------------------------
[debug] 
[debug] [2025-08-10T02:21:03.299Z] >>> [apiv2][query] GET https://firebase-public.firebaseio.com/cli.json [none]
[debug] [2025-08-10T02:21:03.335Z] > command requires scopes: ["email","openid","https://www.googleapis.com/auth/cloudplatformprojects.readonly","https://www.googleapis.com/auth/firebase","https://www.googleapis.com/auth/cloud-platform"]
[debug] [2025-08-10T02:21:03.335Z] > authorizing via signed-in user (mayankmaurya3435@gmail.com)
[info] 
     ######## #### ########  ######## ########     ###     ######  ########
     ##        ##  ##     ## ##       ##     ##  ##   ##  ##       ##
     ######    ##  ########  ######   ########  #########  ######  ######
     ##        ##  ##    ##  ##       ##     ## ##     ##       ## ##
     ##       #### ##     ## ######## ########  ##     ##  ######  ########

You're about to initialize a Firebase project in this directory:

  C:\VScode

Before we get started, keep in mind:

  * You are currently outside your home directory

[debug] [2025-08-10T02:21:05.548Z] <<< [apiv2][status] GET https://firebase-public.firebaseio.com/cli.json 200
[debug] [2025-08-10T02:21:05.548Z] <<< [apiv2][body] GET https://firebase-public.firebaseio.com/cli.json {"cloudBuildErrorAfter":1594252800000,"cloudBuildWarnAfter":1590019200000,"defaultNode10After":1594252800000,"minVersion":"3.0.5","node8DeploysDisabledAfter":1613390400000,"node8RuntimeDisabledAfter":1615809600000,"node8WarnAfter":1600128000000}
